  CmdLineArgs.cpp
C:\Users\yongi\OneDrive\projects\LaughEngine\LaughEngine\Source\Platform\Win32\SubObject.h(21,17): warning C4251: 'Win32::SubObject::m_Class': class 'std::basic_string<wchar_t,std::char_traits<wchar_t>,std::allocator<wchar_t>>'에서는 class 'Win32::SubObject'의 클라이언트에서 DLL 인터페이스를 사용하도록 지정해야 합니다.
C:\Program Files\Microsoft Visual Studio\2022\Community\VC\Tools\MSVC\14.33.31629\include\xstring(5187): message : 'std::basic_string<wchar_t,std::char_traits<wchar_t>,std::allocator<wchar_t>>' 선언을 참조하십시오.
C:\Users\yongi\OneDrive\projects\LaughEngine\LaughEngine\Source\Platform\Win32\SubObject.h(22,17): warning C4251: 'Win32::SubObject::m_Title': class 'std::basic_string<wchar_t,std::char_traits<wchar_t>,std::allocator<wchar_t>>'에서는 class 'Win32::SubObject'의 클라이언트에서 DLL 인터페이스를 사용하도록 지정해야 합니다.
C:\Program Files\Microsoft Visual Studio\2022\Community\VC\Tools\MSVC\14.33.31629\include\xstring(5187): message : 'std::basic_string<wchar_t,std::char_traits<wchar_t>,std::allocator<wchar_t>>' 선언을 참조하십시오.
C:\Users\yongi\OneDrive\projects\LaughEngine\LaughEngine\Source\Platform\Win32\Window.h(11,2): warning C4275: DLL 인터페이스가 아닌 class 'Win32::Caption'이(가) DLL 인터페이스 class 'Win32::Window'의 기본으로 사용되었습니다.
C:\Users\yongi\OneDrive\projects\LaughEngine\LaughEngine\Source\Platform\Win32\w32Caption.h(9): message : 'Win32::Caption' 선언을 참조하십시오.
C:\Users\yongi\OneDrive\projects\LaughEngine\LaughEngine\Source\Platform\Win32\Window.h(10): message : 'Win32::Window' 선언을 참조하십시오.
  Logger.cpp
C:\Users\yongi\OneDrive\projects\LaughEngine\LaughEngine\Source\Platform\Win32\SubObject.h(21,17): warning C4251: 'Win32::SubObject::m_Class': class 'std::basic_string<wchar_t,std::char_traits<wchar_t>,std::allocator<wchar_t>>'에서는 class 'Win32::SubObject'의 클라이언트에서 DLL 인터페이스를 사용하도록 지정해야 합니다.
C:\Program Files\Microsoft Visual Studio\2022\Community\VC\Tools\MSVC\14.33.31629\include\xstring(5187): message : 'std::basic_string<wchar_t,std::char_traits<wchar_t>,std::allocator<wchar_t>>' 선언을 참조하십시오.
C:\Users\yongi\OneDrive\projects\LaughEngine\LaughEngine\Source\Platform\Win32\SubObject.h(22,17): warning C4251: 'Win32::SubObject::m_Title': class 'std::basic_string<wchar_t,std::char_traits<wchar_t>,std::allocator<wchar_t>>'에서는 class 'Win32::SubObject'의 클라이언트에서 DLL 인터페이스를 사용하도록 지정해야 합니다.
C:\Program Files\Microsoft Visual Studio\2022\Community\VC\Tools\MSVC\14.33.31629\include\xstring(5187): message : 'std::basic_string<wchar_t,std::char_traits<wchar_t>,std::allocator<wchar_t>>' 선언을 참조하십시오.
C:\Users\yongi\OneDrive\projects\LaughEngine\LaughEngine\Source\Platform\Win32\Window.h(11,2): warning C4275: DLL 인터페이스가 아닌 class 'Win32::Caption'이(가) DLL 인터페이스 class 'Win32::Window'의 기본으로 사용되었습니다.
C:\Users\yongi\OneDrive\projects\LaughEngine\LaughEngine\Source\Platform\Win32\w32Caption.h(9): message : 'Win32::Caption' 선언을 참조하십시오.
C:\Users\yongi\OneDrive\projects\LaughEngine\LaughEngine\Source\Platform\Win32\Window.h(10): message : 'Win32::Window' 선언을 참조하십시오.
  Time.cpp
C:\Users\yongi\OneDrive\projects\LaughEngine\LaughEngine\Source\Platform\Win32\SubObject.h(21,17): warning C4251: 'Win32::SubObject::m_Class': class 'std::basic_string<wchar_t,std::char_traits<wchar_t>,std::allocator<wchar_t>>'에서는 class 'Win32::SubObject'의 클라이언트에서 DLL 인터페이스를 사용하도록 지정해야 합니다.
C:\Program Files\Microsoft Visual Studio\2022\Community\VC\Tools\MSVC\14.33.31629\include\xstring(5187): message : 'std::basic_string<wchar_t,std::char_traits<wchar_t>,std::allocator<wchar_t>>' 선언을 참조하십시오.
C:\Users\yongi\OneDrive\projects\LaughEngine\LaughEngine\Source\Platform\Win32\SubObject.h(22,17): warning C4251: 'Win32::SubObject::m_Title': class 'std::basic_string<wchar_t,std::char_traits<wchar_t>,std::allocator<wchar_t>>'에서는 class 'Win32::SubObject'의 클라이언트에서 DLL 인터페이스를 사용하도록 지정해야 합니다.
C:\Program Files\Microsoft Visual Studio\2022\Community\VC\Tools\MSVC\14.33.31629\include\xstring(5187): message : 'std::basic_string<wchar_t,std::char_traits<wchar_t>,std::allocator<wchar_t>>' 선언을 참조하십시오.
C:\Users\yongi\OneDrive\projects\LaughEngine\LaughEngine\Source\Platform\Win32\Window.h(11,2): warning C4275: DLL 인터페이스가 아닌 class 'Win32::Caption'이(가) DLL 인터페이스 class 'Win32::Window'의 기본으로 사용되었습니다.
C:\Users\yongi\OneDrive\projects\LaughEngine\LaughEngine\Source\Platform\Win32\w32Caption.h(9): message : 'Win32::Caption' 선언을 참조하십시오.
C:\Users\yongi\OneDrive\projects\LaughEngine\LaughEngine\Source\Platform\Win32\Window.h(10): message : 'Win32::Window' 선언을 참조하십시오.
  Core.cpp
C:\Users\yongi\OneDrive\projects\LaughEngine\LaughEngine\Source\Platform\Win32\SubObject.h(21,17): warning C4251: 'Win32::SubObject::m_Class': class 'std::basic_string<wchar_t,std::char_traits<wchar_t>,std::allocator<wchar_t>>'에서는 class 'Win32::SubObject'의 클라이언트에서 DLL 인터페이스를 사용하도록 지정해야 합니다.
C:\Program Files\Microsoft Visual Studio\2022\Community\VC\Tools\MSVC\14.33.31629\include\xstring(5187): message : 'std::basic_string<wchar_t,std::char_traits<wchar_t>,std::allocator<wchar_t>>' 선언을 참조하십시오.
C:\Users\yongi\OneDrive\projects\LaughEngine\LaughEngine\Source\Platform\Win32\SubObject.h(22,17): warning C4251: 'Win32::SubObject::m_Title': class 'std::basic_string<wchar_t,std::char_traits<wchar_t>,std::allocator<wchar_t>>'에서는 class 'Win32::SubObject'의 클라이언트에서 DLL 인터페이스를 사용하도록 지정해야 합니다.
C:\Program Files\Microsoft Visual Studio\2022\Community\VC\Tools\MSVC\14.33.31629\include\xstring(5187): message : 'std::basic_string<wchar_t,std::char_traits<wchar_t>,std::allocator<wchar_t>>' 선언을 참조하십시오.
C:\Users\yongi\OneDrive\projects\LaughEngine\LaughEngine\Source\Platform\Win32\Window.h(11,2): warning C4275: DLL 인터페이스가 아닌 class 'Win32::Caption'이(가) DLL 인터페이스 class 'Win32::Window'의 기본으로 사용되었습니다.
C:\Users\yongi\OneDrive\projects\LaughEngine\LaughEngine\Source\Platform\Win32\w32Caption.h(9): message : 'Win32::Caption' 선언을 참조하십시오.
C:\Users\yongi\OneDrive\projects\LaughEngine\LaughEngine\Source\Platform\Win32\Window.h(10): message : 'Win32::Window' 선언을 참조하십시오.
  CoreDefinition.cpp
C:\Users\yongi\OneDrive\projects\LaughEngine\LaughEngine\Source\Platform\Win32\SubObject.h(21,17): warning C4251: 'Win32::SubObject::m_Class': class 'std::basic_string<wchar_t,std::char_traits<wchar_t>,std::allocator<wchar_t>>'에서는 class 'Win32::SubObject'의 클라이언트에서 DLL 인터페이스를 사용하도록 지정해야 합니다.
C:\Program Files\Microsoft Visual Studio\2022\Community\VC\Tools\MSVC\14.33.31629\include\xstring(5187): message : 'std::basic_string<wchar_t,std::char_traits<wchar_t>,std::allocator<wchar_t>>' 선언을 참조하십시오.
C:\Users\yongi\OneDrive\projects\LaughEngine\LaughEngine\Source\Platform\Win32\SubObject.h(22,17): warning C4251: 'Win32::SubObject::m_Title': class 'std::basic_string<wchar_t,std::char_traits<wchar_t>,std::allocator<wchar_t>>'에서는 class 'Win32::SubObject'의 클라이언트에서 DLL 인터페이스를 사용하도록 지정해야 합니다.
C:\Program Files\Microsoft Visual Studio\2022\Community\VC\Tools\MSVC\14.33.31629\include\xstring(5187): message : 'std::basic_string<wchar_t,std::char_traits<wchar_t>,std::allocator<wchar_t>>' 선언을 참조하십시오.
C:\Users\yongi\OneDrive\projects\LaughEngine\LaughEngine\Source\Platform\Win32\Window.h(11,2): warning C4275: DLL 인터페이스가 아닌 class 'Win32::Caption'이(가) DLL 인터페이스 class 'Win32::Window'의 기본으로 사용되었습니다.
C:\Users\yongi\OneDrive\projects\LaughEngine\LaughEngine\Source\Platform\Win32\w32Caption.h(9): message : 'Win32::Caption' 선언을 참조하십시오.
C:\Users\yongi\OneDrive\projects\LaughEngine\LaughEngine\Source\Platform\Win32\Window.h(10): message : 'Win32::Window' 선언을 참조하십시오.
  CoreMinimal.cpp
C:\Users\yongi\OneDrive\projects\LaughEngine\LaughEngine\Source\Platform\Win32\SubObject.h(21,17): warning C4251: 'Win32::SubObject::m_Class': class 'std::basic_string<wchar_t,std::char_traits<wchar_t>,std::allocator<wchar_t>>'에서는 class 'Win32::SubObject'의 클라이언트에서 DLL 인터페이스를 사용하도록 지정해야 합니다.
C:\Program Files\Microsoft Visual Studio\2022\Community\VC\Tools\MSVC\14.33.31629\include\xstring(5187): message : 'std::basic_string<wchar_t,std::char_traits<wchar_t>,std::allocator<wchar_t>>' 선언을 참조하십시오.
C:\Users\yongi\OneDrive\projects\LaughEngine\LaughEngine\Source\Platform\Win32\SubObject.h(22,17): warning C4251: 'Win32::SubObject::m_Title': class 'std::basic_string<wchar_t,std::char_traits<wchar_t>,std::allocator<wchar_t>>'에서는 class 'Win32::SubObject'의 클라이언트에서 DLL 인터페이스를 사용하도록 지정해야 합니다.
C:\Program Files\Microsoft Visual Studio\2022\Community\VC\Tools\MSVC\14.33.31629\include\xstring(5187): message : 'std::basic_string<wchar_t,std::char_traits<wchar_t>,std::allocator<wchar_t>>' 선언을 참조하십시오.
C:\Users\yongi\OneDrive\projects\LaughEngine\LaughEngine\Source\Platform\Win32\Window.h(11,2): warning C4275: DLL 인터페이스가 아닌 class 'Win32::Caption'이(가) DLL 인터페이스 class 'Win32::Window'의 기본으로 사용되었습니다.
C:\Users\yongi\OneDrive\projects\LaughEngine\LaughEngine\Source\Platform\Win32\w32Caption.h(9): message : 'Win32::Caption' 선언을 참조하십시오.
C:\Users\yongi\OneDrive\projects\LaughEngine\LaughEngine\Source\Platform\Win32\Window.h(10): message : 'Win32::Window' 선언을 참조하십시오.
  PerGameSettings.cpp
C:\Users\yongi\OneDrive\projects\LaughEngine\LaughEngine\Source\Platform\Win32\SubObject.h(21,17): warning C4251: 'Win32::SubObject::m_Class': class 'std::basic_string<wchar_t,std::char_traits<wchar_t>,std::allocator<wchar_t>>'에서는 class 'Win32::SubObject'의 클라이언트에서 DLL 인터페이스를 사용하도록 지정해야 합니다.
C:\Program Files\Microsoft Visual Studio\2022\Community\VC\Tools\MSVC\14.33.31629\include\xstring(5187): message : 'std::basic_string<wchar_t,std::char_traits<wchar_t>,std::allocator<wchar_t>>' 선언을 참조하십시오.
C:\Users\yongi\OneDrive\projects\LaughEngine\LaughEngine\Source\Platform\Win32\SubObject.h(22,17): warning C4251: 'Win32::SubObject::m_Title': class 'std::basic_string<wchar_t,std::char_traits<wchar_t>,std::allocator<wchar_t>>'에서는 class 'Win32::SubObject'의 클라이언트에서 DLL 인터페이스를 사용하도록 지정해야 합니다.
C:\Program Files\Microsoft Visual Studio\2022\Community\VC\Tools\MSVC\14.33.31629\include\xstring(5187): message : 'std::basic_string<wchar_t,std::char_traits<wchar_t>,std::allocator<wchar_t>>' 선언을 참조하십시오.
C:\Users\yongi\OneDrive\projects\LaughEngine\LaughEngine\Source\Platform\Win32\Window.h(11,2): warning C4275: DLL 인터페이스가 아닌 class 'Win32::Caption'이(가) DLL 인터페이스 class 'Win32::Window'의 기본으로 사용되었습니다.
C:\Users\yongi\OneDrive\projects\LaughEngine\LaughEngine\Source\Platform\Win32\w32Caption.h(9): message : 'Win32::Caption' 선언을 참조하십시오.
C:\Users\yongi\OneDrive\projects\LaughEngine\LaughEngine\Source\Platform\Win32\Window.h(10): message : 'Win32::Window' 선언을 참조하십시오.
  LEngine.cpp
C:\Users\yongi\OneDrive\projects\LaughEngine\LaughEngine\Source\Platform\Win32\SubObject.h(21,17): warning C4251: 'Win32::SubObject::m_Class': class 'std::basic_string<wchar_t,std::char_traits<wchar_t>,std::allocator<wchar_t>>'에서는 class 'Win32::SubObject'의 클라이언트에서 DLL 인터페이스를 사용하도록 지정해야 합니다.
C:\Program Files\Microsoft Visual Studio\2022\Community\VC\Tools\MSVC\14.33.31629\include\xstring(5187): message : 'std::basic_string<wchar_t,std::char_traits<wchar_t>,std::allocator<wchar_t>>' 선언을 참조하십시오.
C:\Users\yongi\OneDrive\projects\LaughEngine\LaughEngine\Source\Platform\Win32\SubObject.h(22,17): warning C4251: 'Win32::SubObject::m_Title': class 'std::basic_string<wchar_t,std::char_traits<wchar_t>,std::allocator<wchar_t>>'에서는 class 'Win32::SubObject'의 클라이언트에서 DLL 인터페이스를 사용하도록 지정해야 합니다.
C:\Program Files\Microsoft Visual Studio\2022\Community\VC\Tools\MSVC\14.33.31629\include\xstring(5187): message : 'std::basic_string<wchar_t,std::char_traits<wchar_t>,std::allocator<wchar_t>>' 선언을 참조하십시오.
C:\Users\yongi\OneDrive\projects\LaughEngine\LaughEngine\Source\Platform\Win32\Window.h(11,2): warning C4275: DLL 인터페이스가 아닌 class 'Win32::Caption'이(가) DLL 인터페이스 class 'Win32::Window'의 기본으로 사용되었습니다.
C:\Users\yongi\OneDrive\projects\LaughEngine\LaughEngine\Source\Platform\Win32\w32Caption.h(9): message : 'Win32::Caption' 선언을 참조하십시오.
C:\Users\yongi\OneDrive\projects\LaughEngine\LaughEngine\Source\Platform\Win32\Window.h(10): message : 'Win32::Window' 선언을 참조하십시오.
  Simulation.cpp
C:\Users\yongi\OneDrive\projects\LaughEngine\LaughEngine\Source\Platform\Win32\SubObject.h(21,17): warning C4251: 'Win32::SubObject::m_Class': class 'std::basic_string<wchar_t,std::char_traits<wchar_t>,std::allocator<wchar_t>>'에서는 class 'Win32::SubObject'의 클라이언트에서 DLL 인터페이스를 사용하도록 지정해야 합니다.
C:\Program Files\Microsoft Visual Studio\2022\Community\VC\Tools\MSVC\14.33.31629\include\xstring(5187): message : 'std::basic_string<wchar_t,std::char_traits<wchar_t>,std::allocator<wchar_t>>' 선언을 참조하십시오.
C:\Users\yongi\OneDrive\projects\LaughEngine\LaughEngine\Source\Platform\Win32\SubObject.h(22,17): warning C4251: 'Win32::SubObject::m_Title': class 'std::basic_string<wchar_t,std::char_traits<wchar_t>,std::allocator<wchar_t>>'에서는 class 'Win32::SubObject'의 클라이언트에서 DLL 인터페이스를 사용하도록 지정해야 합니다.
C:\Program Files\Microsoft Visual Studio\2022\Community\VC\Tools\MSVC\14.33.31629\include\xstring(5187): message : 'std::basic_string<wchar_t,std::char_traits<wchar_t>,std::allocator<wchar_t>>' 선언을 참조하십시오.
C:\Users\yongi\OneDrive\projects\LaughEngine\LaughEngine\Source\Platform\Win32\Window.h(11,2): warning C4275: DLL 인터페이스가 아닌 class 'Win32::Caption'이(가) DLL 인터페이스 class 'Win32::Window'의 기본으로 사용되었습니다.
C:\Users\yongi\OneDrive\projects\LaughEngine\LaughEngine\Source\Platform\Win32\w32Caption.h(9): message : 'Win32::Caption' 선언을 참조하십시오.
C:\Users\yongi\OneDrive\projects\LaughEngine\LaughEngine\Source\Platform\Win32\Window.h(10): message : 'Win32::Window' 선언을 참조하십시오.
C:\Users\yongi\OneDrive\projects\LaughEngine\LaughEngine\Source\Engine\Simulation.cpp(34,3): warning C4060: switch문에 'case' 또는 'default' 레이블이 없습니다.
  SplashScreen.cpp
C:\Users\yongi\OneDrive\projects\LaughEngine\LaughEngine\Source\Platform\Win32\SubObject.h(21,17): warning C4251: 'Win32::SubObject::m_Class': class 'std::basic_string<wchar_t,std::char_traits<wchar_t>,std::allocator<wchar_t>>'에서는 class 'Win32::SubObject'의 클라이언트에서 DLL 인터페이스를 사용하도록 지정해야 합니다.
C:\Program Files\Microsoft Visual Studio\2022\Community\VC\Tools\MSVC\14.33.31629\include\xstring(5187): message : 'std::basic_string<wchar_t,std::char_traits<wchar_t>,std::allocator<wchar_t>>' 선언을 참조하십시오.
C:\Users\yongi\OneDrive\projects\LaughEngine\LaughEngine\Source\Platform\Win32\SubObject.h(22,17): warning C4251: 'Win32::SubObject::m_Title': class 'std::basic_string<wchar_t,std::char_traits<wchar_t>,std::allocator<wchar_t>>'에서는 class 'Win32::SubObject'의 클라이언트에서 DLL 인터페이스를 사용하도록 지정해야 합니다.
C:\Program Files\Microsoft Visual Studio\2022\Community\VC\Tools\MSVC\14.33.31629\include\xstring(5187): message : 'std::basic_string<wchar_t,std::char_traits<wchar_t>,std::allocator<wchar_t>>' 선언을 참조하십시오.
C:\Users\yongi\OneDrive\projects\LaughEngine\LaughEngine\Source\Platform\Win32\Window.h(11,2): warning C4275: DLL 인터페이스가 아닌 class 'Win32::Caption'이(가) DLL 인터페이스 class 'Win32::Window'의 기본으로 사용되었습니다.
C:\Users\yongi\OneDrive\projects\LaughEngine\LaughEngine\Source\Platform\Win32\w32Caption.h(9): message : 'Win32::Caption' 선언을 참조하십시오.
C:\Users\yongi\OneDrive\projects\LaughEngine\LaughEngine\Source\Platform\Win32\Window.h(10): message : 'Win32::Window' 선언을 참조하십시오.
  LaughEngine.cpp
C:\Users\yongi\OneDrive\projects\LaughEngine\LaughEngine\Source\Platform\Win32\SubObject.h(21,17): warning C4251: 'Win32::SubObject::m_Class': class 'std::basic_string<wchar_t,std::char_traits<wchar_t>,std::allocator<wchar_t>>'에서는 class 'Win32::SubObject'의 클라이언트에서 DLL 인터페이스를 사용하도록 지정해야 합니다.
C:\Program Files\Microsoft Visual Studio\2022\Community\VC\Tools\MSVC\14.33.31629\include\xstring(5187): message : 'std::basic_string<wchar_t,std::char_traits<wchar_t>,std::allocator<wchar_t>>' 선언을 참조하십시오.
C:\Users\yongi\OneDrive\projects\LaughEngine\LaughEngine\Source\Platform\Win32\SubObject.h(22,17): warning C4251: 'Win32::SubObject::m_Title': class 'std::basic_string<wchar_t,std::char_traits<wchar_t>,std::allocator<wchar_t>>'에서는 class 'Win32::SubObject'의 클라이언트에서 DLL 인터페이스를 사용하도록 지정해야 합니다.
C:\Program Files\Microsoft Visual Studio\2022\Community\VC\Tools\MSVC\14.33.31629\include\xstring(5187): message : 'std::basic_string<wchar_t,std::char_traits<wchar_t>,std::allocator<wchar_t>>' 선언을 참조하십시오.
C:\Users\yongi\OneDrive\projects\LaughEngine\LaughEngine\Source\Platform\Win32\Window.h(11,2): warning C4275: DLL 인터페이스가 아닌 class 'Win32::Caption'이(가) DLL 인터페이스 class 'Win32::Window'의 기본으로 사용되었습니다.
C:\Users\yongi\OneDrive\projects\LaughEngine\LaughEngine\Source\Platform\Win32\w32Caption.h(9): message : 'Win32::Caption' 선언을 참조하십시오.
C:\Users\yongi\OneDrive\projects\LaughEngine\LaughEngine\Source\Platform\Win32\Window.h(10): message : 'Win32::Window' 선언을 참조하십시오.
  IApplication.cpp
C:\Users\yongi\OneDrive\projects\LaughEngine\LaughEngine\Source\Platform\Win32\SubObject.h(21,17): warning C4251: 'Win32::SubObject::m_Class': class 'std::basic_string<wchar_t,std::char_traits<wchar_t>,std::allocator<wchar_t>>'에서는 class 'Win32::SubObject'의 클라이언트에서 DLL 인터페이스를 사용하도록 지정해야 합니다.
C:\Program Files\Microsoft Visual Studio\2022\Community\VC\Tools\MSVC\14.33.31629\include\xstring(5187): message : 'std::basic_string<wchar_t,std::char_traits<wchar_t>,std::allocator<wchar_t>>' 선언을 참조하십시오.
C:\Users\yongi\OneDrive\projects\LaughEngine\LaughEngine\Source\Platform\Win32\SubObject.h(22,17): warning C4251: 'Win32::SubObject::m_Title': class 'std::basic_string<wchar_t,std::char_traits<wchar_t>,std::allocator<wchar_t>>'에서는 class 'Win32::SubObject'의 클라이언트에서 DLL 인터페이스를 사용하도록 지정해야 합니다.
C:\Program Files\Microsoft Visual Studio\2022\Community\VC\Tools\MSVC\14.33.31629\include\xstring(5187): message : 'std::basic_string<wchar_t,std::char_traits<wchar_t>,std::allocator<wchar_t>>' 선언을 참조하십시오.
C:\Users\yongi\OneDrive\projects\LaughEngine\LaughEngine\Source\Platform\Win32\Window.h(11,2): warning C4275: DLL 인터페이스가 아닌 class 'Win32::Caption'이(가) DLL 인터페이스 class 'Win32::Window'의 기본으로 사용되었습니다.
C:\Users\yongi\OneDrive\projects\LaughEngine\LaughEngine\Source\Platform\Win32\w32Caption.h(9): message : 'Win32::Caption' 선언을 참조하십시오.
C:\Users\yongi\OneDrive\projects\LaughEngine\LaughEngine\Source\Platform\Win32\Window.h(10): message : 'Win32::Window' 선언을 참조하십시오.
  SubObject.cpp
C:\Users\yongi\OneDrive\projects\LaughEngine\LaughEngine\Source\Platform\Win32\SubObject.h(21,17): warning C4251: 'Win32::SubObject::m_Class': class 'std::basic_string<wchar_t,std::char_traits<wchar_t>,std::allocator<wchar_t>>'에서는 class 'Win32::SubObject'의 클라이언트에서 DLL 인터페이스를 사용하도록 지정해야 합니다.
C:\Program Files\Microsoft Visual Studio\2022\Community\VC\Tools\MSVC\14.33.31629\include\xstring(5187): message : 'std::basic_string<wchar_t,std::char_traits<wchar_t>,std::allocator<wchar_t>>' 선언을 참조하십시오.
C:\Users\yongi\OneDrive\projects\LaughEngine\LaughEngine\Source\Platform\Win32\SubObject.h(22,17): warning C4251: 'Win32::SubObject::m_Title': class 'std::basic_string<wchar_t,std::char_traits<wchar_t>,std::allocator<wchar_t>>'에서는 class 'Win32::SubObject'의 클라이언트에서 DLL 인터페이스를 사용하도록 지정해야 합니다.
C:\Program Files\Microsoft Visual Studio\2022\Community\VC\Tools\MSVC\14.33.31629\include\xstring(5187): message : 'std::basic_string<wchar_t,std::char_traits<wchar_t>,std::allocator<wchar_t>>' 선언을 참조하십시오.
C:\Users\yongi\OneDrive\projects\LaughEngine\LaughEngine\Source\Platform\Win32\Window.h(11,2): warning C4275: DLL 인터페이스가 아닌 class 'Win32::Caption'이(가) DLL 인터페이스 class 'Win32::Window'의 기본으로 사용되었습니다.
C:\Users\yongi\OneDrive\projects\LaughEngine\LaughEngine\Source\Platform\Win32\w32Caption.h(9): message : 'Win32::Caption' 선언을 참조하십시오.
C:\Users\yongi\OneDrive\projects\LaughEngine\LaughEngine\Source\Platform\Win32\Window.h(10): message : 'Win32::Window' 선언을 참조하십시오.
  Win32Utils.cpp
C:\Users\yongi\OneDrive\projects\LaughEngine\LaughEngine\Source\Platform\Win32\SubObject.h(21,17): warning C4251: 'Win32::SubObject::m_Class': class 'std::basic_string<wchar_t,std::char_traits<wchar_t>,std::allocator<wchar_t>>'에서는 class 'Win32::SubObject'의 클라이언트에서 DLL 인터페이스를 사용하도록 지정해야 합니다.
C:\Program Files\Microsoft Visual Studio\2022\Community\VC\Tools\MSVC\14.33.31629\include\xstring(5187): message : 'std::basic_string<wchar_t,std::char_traits<wchar_t>,std::allocator<wchar_t>>' 선언을 참조하십시오.
C:\Users\yongi\OneDrive\projects\LaughEngine\LaughEngine\Source\Platform\Win32\SubObject.h(22,17): warning C4251: 'Win32::SubObject::m_Title': class 'std::basic_string<wchar_t,std::char_traits<wchar_t>,std::allocator<wchar_t>>'에서는 class 'Win32::SubObject'의 클라이언트에서 DLL 인터페이스를 사용하도록 지정해야 합니다.
C:\Program Files\Microsoft Visual Studio\2022\Community\VC\Tools\MSVC\14.33.31629\include\xstring(5187): message : 'std::basic_string<wchar_t,std::char_traits<wchar_t>,std::allocator<wchar_t>>' 선언을 참조하십시오.
C:\Users\yongi\OneDrive\projects\LaughEngine\LaughEngine\Source\Platform\Win32\Window.h(11,2): warning C4275: DLL 인터페이스가 아닌 class 'Win32::Caption'이(가) DLL 인터페이스 class 'Win32::Window'의 기본으로 사용되었습니다.
C:\Users\yongi\OneDrive\projects\LaughEngine\LaughEngine\Source\Platform\Win32\w32Caption.h(9): message : 'Win32::Caption' 선언을 참조하십시오.
C:\Users\yongi\OneDrive\projects\LaughEngine\LaughEngine\Source\Platform\Win32\Window.h(10): message : 'Win32::Window' 선언을 참조하십시오.
  Window.cpp
C:\Users\yongi\OneDrive\projects\LaughEngine\LaughEngine\Source\Platform\Win32\SubObject.h(21,17): warning C4251: 'Win32::SubObject::m_Class': class 'std::basic_string<wchar_t,std::char_traits<wchar_t>,std::allocator<wchar_t>>'에서는 class 'Win32::SubObject'의 클라이언트에서 DLL 인터페이스를 사용하도록 지정해야 합니다.
C:\Program Files\Microsoft Visual Studio\2022\Community\VC\Tools\MSVC\14.33.31629\include\xstring(5187): message : 'std::basic_string<wchar_t,std::char_traits<wchar_t>,std::allocator<wchar_t>>' 선언을 참조하십시오.
C:\Users\yongi\OneDrive\projects\LaughEngine\LaughEngine\Source\Platform\Win32\SubObject.h(22,17): warning C4251: 'Win32::SubObject::m_Title': class 'std::basic_string<wchar_t,std::char_traits<wchar_t>,std::allocator<wchar_t>>'에서는 class 'Win32::SubObject'의 클라이언트에서 DLL 인터페이스를 사용하도록 지정해야 합니다.
C:\Program Files\Microsoft Visual Studio\2022\Community\VC\Tools\MSVC\14.33.31629\include\xstring(5187): message : 'std::basic_string<wchar_t,std::char_traits<wchar_t>,std::allocator<wchar_t>>' 선언을 참조하십시오.
C:\Users\yongi\OneDrive\projects\LaughEngine\LaughEngine\Source\Platform\Win32\Window.h(11,2): warning C4275: DLL 인터페이스가 아닌 class 'Win32::Caption'이(가) DLL 인터페이스 class 'Win32::Window'의 기본으로 사용되었습니다.
C:\Users\yongi\OneDrive\projects\LaughEngine\LaughEngine\Source\Platform\Win32\w32Caption.h(9): message : 'Win32::Caption' 선언을 참조하십시오.
C:\Users\yongi\OneDrive\projects\LaughEngine\LaughEngine\Source\Platform\Win32\Window.h(10): message : 'Win32::Window' 선언을 참조하십시오.
C:\Users\yongi\OneDrive\projects\LaughEngine\LaughEngine\Source\Platform\Win32\Window.cpp(133,105): warning C4267: '인수': 'size_t'에서 'int'(으)로 변환하면서 데이터가 손실될 수 있습니다.
C:\Users\yongi\OneDrive\projects\LaughEngine\LaughEngine\Source\Platform\Win32\Window.cpp(171,123): warning C4267: '인수': 'size_t'에서 'int'(으)로 변환하면서 데이터가 손실될 수 있습니다.
  w32Caption.cpp
C:\Users\yongi\OneDrive\projects\LaughEngine\LaughEngine\Source\Platform\Win32\SubObject.h(21,17): warning C4251: 'Win32::SubObject::m_Class': class 'std::basic_string<wchar_t,std::char_traits<wchar_t>,std::allocator<wchar_t>>'에서는 class 'Win32::SubObject'의 클라이언트에서 DLL 인터페이스를 사용하도록 지정해야 합니다.
C:\Program Files\Microsoft Visual Studio\2022\Community\VC\Tools\MSVC\14.33.31629\include\xstring(5187): message : 'std::basic_string<wchar_t,std::char_traits<wchar_t>,std::allocator<wchar_t>>' 선언을 참조하십시오.
C:\Users\yongi\OneDrive\projects\LaughEngine\LaughEngine\Source\Platform\Win32\SubObject.h(22,17): warning C4251: 'Win32::SubObject::m_Title': class 'std::basic_string<wchar_t,std::char_traits<wchar_t>,std::allocator<wchar_t>>'에서는 class 'Win32::SubObject'의 클라이언트에서 DLL 인터페이스를 사용하도록 지정해야 합니다.
C:\Program Files\Microsoft Visual Studio\2022\Community\VC\Tools\MSVC\14.33.31629\include\xstring(5187): message : 'std::basic_string<wchar_t,std::char_traits<wchar_t>,std::allocator<wchar_t>>' 선언을 참조하십시오.
C:\Users\yongi\OneDrive\projects\LaughEngine\LaughEngine\Source\Platform\Win32\Window.h(11,2): warning C4275: DLL 인터페이스가 아닌 class 'Win32::Caption'이(가) DLL 인터페이스 class 'Win32::Window'의 기본으로 사용되었습니다.
C:\Users\yongi\OneDrive\projects\LaughEngine\LaughEngine\Source\Platform\Win32\w32Caption.h(9): message : 'Win32::Caption' 선언을 참조하십시오.
C:\Users\yongi\OneDrive\projects\LaughEngine\LaughEngine\Source\Platform\Win32\Window.h(10): message : 'Win32::Window' 선언을 참조하십시오.
     C:\Users\yongi\OneDrive\projects\LaughEngine\\Build\Debug\LaughEngine.lib 라이브러리 및 C:\Users\yongi\OneDrive\projects\LaughEngine\\Build\Debug\LaughEngine.exp 개체를 생성하고 있습니다.
  LaughEngine.vcxproj -> C:\Users\yongi\OneDrive\projects\LaughEngine\Build\Debug\LaughEngine.dll
